This is pdfTeX, Version 3.1415926-2.3-1.40.12 (MiKTeX 2.9 64-bit) (preloaded format=pdflatex 2012.12.29)  16 OCT 2017 15:00
entering extended mode
**C:/Users/Shanel*Wu/Box*Sync/Knitting/Patterns/Yarnia/yarnia.tex
("C:/Users/Shanel Wu/Box Sync/Knitting/Patterns/Yarnia/yarnia.tex"
LaTeX2e <2011/06/27>
Babel <v3.8m> and hyphenation patterns for english, afrikaans, ancientgreek, ar
abic, armenian, assamese, basque, bengali, bokmal, bulgarian, catalan, coptic, 
croatian, czech, danish, dutch, esperanto, estonian, farsi, finnish, french, ga
lician, german, german-x-2009-06-19, greek, gujarati, hindi, hungarian, iceland
ic, indonesian, interlingua, irish, italian, kannada, kurmanji, lao, latin, lat
vian, lithuanian, malayalam, marathi, mongolian, mongolianlmc, monogreek, ngerm
an, ngerman-x-2009-06-19, nynorsk, oriya, panjabi, pinyin, polish, portuguese, 
romanian, russian, sanskrit, serbian, slovak, slovenian, spanish, swedish, swis
sgerman, tamil, telugu, turkish, turkmen, ukenglish, ukrainian, uppersorbian, u
senglishmax, welsh, loaded.
("C:\Program Files\MiKTeX 2.9\tex\latex\base\article.cls"
Document Class: article 2007/10/19 v1.4h Standard LaTeX document class
("C:\Program Files\MiKTeX 2.9\tex\latex\base\size12.clo"
File: size12.clo 2007/10/19 v1.4h Standard LaTeX file (size option)
)
\c@part=\count79
\c@section=\count80
\c@subsection=\count81
\c@subsubsection=\count82
\c@paragraph=\count83
\c@subparagraph=\count84
\c@figure=\count85
\c@table=\count86
\abovecaptionskip=\skip41
\belowcaptionskip=\skip42
\bibindent=\dimen102
)
("C:\Program Files\MiKTeX 2.9\tex\latex\geometry\geometry.sty"
Package: geometry 2010/09/12 v5.6 Page Geometry

("C:\Program Files\MiKTeX 2.9\tex\latex\graphics\keyval.sty"
Package: keyval 1999/03/16 v1.13 key=value parser (DPC)
\KV@toks@=\toks14
)
("C:\Program Files\MiKTeX 2.9\tex\generic\oberdiek\ifpdf.sty"
Package: ifpdf 2011/01/30 v2.3 Provides the ifpdf switch (HO)
Package ifpdf Info: pdfTeX in PDF mode is detected.
)
("C:\Program Files\MiKTeX 2.9\tex\generic\oberdiek\ifvtex.sty"
Package: ifvtex 2010/03/01 v1.5 Detect VTeX and its facilities (HO)
Package ifvtex Info: VTeX not detected.
)
("C:\Program Files\MiKTeX 2.9\tex\generic\ifxetex\ifxetex.sty"
Package: ifxetex 2010/09/12 v0.6 Provides ifxetex conditional
)
\Gm@cnth=\count87
\Gm@cntv=\count88
\c@Gm@tempcnt=\count89
\Gm@bindingoffset=\dimen103
\Gm@wd@mp=\dimen104
\Gm@odd@mp=\dimen105
\Gm@even@mp=\dimen106
\Gm@layoutwidth=\dimen107
\Gm@layoutheight=\dimen108
\Gm@layouthoffset=\dimen109
\Gm@layoutvoffset=\dimen110
\Gm@dimlist=\toks15

("C:\Program Files\MiKTeX 2.9\tex\latex\geometry\geometry.cfg"))
("C:\Program Files\MiKTeX 2.9\tex\latex\knitting\knitting.sty"
Package: knitting 2010/08/29

("C:\Program Files\MiKTeX 2.9\tex\latex\graphics\color.sty"
Package: color 2005/11/14 v1.0j Standard LaTeX Color (DPC)

("C:\Program Files\MiKTeX 2.9\tex\latex\00miktex\color.cfg"
File: color.cfg 2007/01/18 v1.5 color configuration of teTeX/TeXLive
)
Package color Info: Driver file: pdftex.def on input line 130.

("C:\Program Files\MiKTeX 2.9\tex\latex\pdftex-def\pdftex.def"
File: pdftex.def 2011/05/27 v0.06d Graphics/color for pdfTeX

("C:\Program Files\MiKTeX 2.9\tex\generic\oberdiek\infwarerr.sty"
Package: infwarerr 2010/04/08 v1.3 Providing info/warning/error messages (HO)
)
("C:\Program Files\MiKTeX 2.9\tex\generic\oberdiek\ltxcmds.sty"
Package: ltxcmds 2011/11/09 v1.22 LaTeX kernel commands for general use (HO)
)
\Gread@gobject=\count90
))
\leftgap@knit=\skip43
\bgshift@knit=\skip44
\chartwidth@knit=\skip45
\stitchcountwidth@knit=\skip46
\rnleftwd@knit=\skip47
\rnrightwd@knit=\skip48
\bgbox@knit=\box26
\fgbox@knit=\box27
\ggbox@knit=\box28
\c@rownumber=\count91
\c@tempcount@knit=\count92
\c@rownumberskip=\count93
\c@stitchcountin=\count94
\c@stitchcountinprev=\count95
\c@stitchcountout=\count96
LaTeX Font Info:    Try loading font information for U+knit on input line 140.

("C:\Program Files\MiKTeX 2.9\tex\latex\knitting\uknit.fd"
File: T1knit.fd 2010/08/09 Knit fonts
))
("C:\Program Files\MiKTeX 2.9\tex\latex\amsfonts\amssymb.sty"
Package: amssymb 2009/06/22 v3.00

("C:\Program Files\MiKTeX 2.9\tex\latex\amsfonts\amsfonts.sty"
Package: amsfonts 2009/06/22 v3.00 Basic AMSFonts support
\@emptytoks=\toks16
\symAMSa=\mathgroup4
\symAMSb=\mathgroup5
LaTeX Font Info:    Overwriting math alphabet `\mathfrak' in version `bold'
(Font)                  U/euf/m/n --> U/euf/b/n on input line 96.
))
("C:\Program Files\MiKTeX 2.9\tex\latex\titling\titling.sty"
Package: titling 2009/09/04 v2.1d maketitle typesetting
\thanksmarkwidth=\skip49
\thanksmargin=\skip50
\droptitle=\skip51
)
("C:\Program Files\MiKTeX 2.9\tex\latex\graphics\graphicx.sty"
Package: graphicx 1999/02/16 v1.0f Enhanced LaTeX Graphics (DPC,SPQR)

("C:\Program Files\MiKTeX 2.9\tex\latex\graphics\graphics.sty"
Package: graphics 2009/02/05 v1.0o Standard LaTeX Graphics (DPC,SPQR)

("C:\Program Files\MiKTeX 2.9\tex\latex\graphics\trig.sty"
Package: trig 1999/03/16 v1.09 sin cos tan (DPC)
)
("C:\Program Files\MiKTeX 2.9\tex\latex\00miktex\graphics.cfg"
File: graphics.cfg 2007/01/18 v1.5 graphics configuration of teTeX/TeXLive
)
Package graphics Info: Driver file: pdftex.def on input line 91.
)
\Gin@req@height=\dimen111
\Gin@req@width=\dimen112
)
("C:\Program Files\MiKTeX 2.9\tex\latex\tools\xspace.sty"
Package: xspace 2009/10/20 v1.13 Space after command names (DPC,MH)
)
("C:\Program Files\MiKTeX 2.9\tex\latex\koma-script\scrextend.sty"
Package: scrextend 2012/05/15 v3.11 KOMA-Script KOMA-Script package (extend oth
er classes with features of KOMA-Script classes)

("C:\Program Files\MiKTeX 2.9\tex\latex\koma-script\scrkbase.sty"
Package: scrkbase 2012/05/15 v3.11 KOMA-Script package (KOMA-Script-dependent b
asics and keyval usage)

("C:\Program Files\MiKTeX 2.9\tex\latex\koma-script\scrbase.sty"
Package: scrbase 2012/05/15 v3.11 KOMA-Script package (KOMA-Script-independent 
basics and keyval usage)

("C:\Program Files\MiKTeX 2.9\tex\latex\koma-script\scrlfile.sty"
Package: scrlfile 2011/03/09 v3.09 KOMA-Script package (loading files)

Package scrlfile, 2011/03/09 v3.09 KOMA-Script package (loading files)
                  Copyright (C) Markus Kohm

)))) ("C:\Program Files\MiKTeX 2.9\tex\latex\enumitem\enumitem.sty"
Package: enumitem 2011/09/28 v3.5.2 Customized lists
\labelindent=\skip52
\enit@outerparindent=\dimen113
\enit@toks=\toks17
\enit@inbox=\box29
\enitdp@description=\count97
)
("C:\Program Files\MiKTeX 2.9\tex\latex\tools\tabularx.sty"
Package: tabularx 1999/01/07 v2.07 `tabularx' package (DPC)

("C:\Program Files\MiKTeX 2.9\tex\latex\tools\array.sty"
Package: array 2008/09/09 v2.4c Tabular extension package (FMi)
\col@sep=\dimen114
\extrarowheight=\dimen115
\NC@list=\toks18
\extratabsurround=\skip53
\backup@length=\skip54
)
\TX@col@width=\dimen116
\TX@old@table=\dimen117
\TX@old@col=\dimen118
\TX@target=\dimen119
\TX@delta=\dimen120
\TX@cols=\count98
\TX@ftn=\toks19
)
("C:\Program Files\MiKTeX 2.9\tex\latex\colortbl\colortbl.sty"
Package: colortbl 2001/02/13 v0.1j Color table columns (DPC)
\everycr=\toks20
\minrowclearance=\skip55
)
("C:\Program Files\MiKTeX 2.9\tex\latex\tools\multicol.sty"
Package: multicol 2011/06/27 v1.7a multicolumn formatting (FMi)
\c@tracingmulticols=\count99
\mult@box=\box30
\multicol@leftmargin=\dimen121
\c@unbalance=\count100
\c@collectmore=\count101
\doublecol@number=\count102
\multicoltolerance=\count103
\multicolpretolerance=\count104
\full@width=\dimen122
\page@free=\dimen123
\premulticols=\dimen124
\postmulticols=\dimen125
\multicolsep=\skip56
\multicolbaselineskip=\skip57
\partial@page=\box31
\last@line=\box32
\mult@rightbox=\box33
\mult@grightbox=\box34
\mult@gfirstbox=\box35
\mult@firstbox=\box36
\@tempa=\box37
\@tempa=\box38
\@tempa=\box39
\@tempa=\box40
\@tempa=\box41
\@tempa=\box42
\@tempa=\box43
\@tempa=\box44
\@tempa=\box45
\@tempa=\box46
\@tempa=\box47
\@tempa=\box48
\@tempa=\box49
\@tempa=\box50
\@tempa=\box51
\@tempa=\box52
\@tempa=\box53
\c@columnbadness=\count105
\c@finalcolumnbadness=\count106
\last@try=\dimen126
\multicolovershoot=\dimen127
\multicolundershoot=\dimen128
\mult@nat@firstbox=\box54
\colbreak@box=\box55
\multicol@sort@counter=\count107
)
("C:\Program Files\MiKTeX 2.9\tex\latex\multirow\multirow.sty"
\bigstrutjot=\dimen129
)
("C:\Program Files\MiKTeX 2.9\tex\latex\framed\framed.sty"
Package: framed 2007/10/04 v 0.95: framed or shaded text with page breaks
\fb@frw=\dimen130
\fb@frh=\dimen131
\FrameRule=\dimen132
\FrameSep=\dimen133
)
("C:\Program Files\MiKTeX 2.9\tex\latex\xcolor\xcolor.sty"
Package: xcolor 2007/01/21 v2.11 LaTeX color extensions (UK)

("C:\Program Files\MiKTeX 2.9\tex\latex\00miktex\color.cfg"
File: color.cfg 2007/01/18 v1.5 color configuration of teTeX/TeXLive
)
Package xcolor Info: Driver file: pdftex.def on input line 225.
LaTeX Info: Redefining \color on input line 702.
Package xcolor Info: Model `cmy' substituted by `cmy0' on input line 1337.
Package xcolor Info: Model `hsb' substituted by `rgb' on input line 1341.
Package xcolor Info: Model `RGB' extended on input line 1353.
Package xcolor Info: Model `HTML' substituted by `rgb' on input line 1355.
Package xcolor Info: Model `Hsb' substituted by `hsb' on input line 1356.
Package xcolor Info: Model `tHsb' substituted by `hsb' on input line 1357.
Package xcolor Info: Model `HSB' substituted by `hsb' on input line 1358.
Package xcolor Info: Model `Gray' substituted by `gray' on input line 1359.
Package xcolor Info: Model `wave' substituted by `hsb' on input line 1360.

("C:\Program Files\MiKTeX 2.9\tex\latex\xcolor\x11nam.def"
File: x11nam.def 2007/01/21 v2.11 Predefined colors according to Unix/X11 (UK)
))
("C:\Program Files\MiKTeX 2.9\tex\latex\wallpaper\wallpaper.sty"
Package: wallpaper 2005/01/18, v1.01 easy wallpaper formatting (MHFW)

("C:\Program Files\MiKTeX 2.9\tex\latex\base\ifthen.sty"
Package: ifthen 2001/05/26 v1.1c Standard LaTeX ifthen package (DPC)
)
("C:\Program Files\MiKTeX 2.9\tex\latex\tools\calc.sty"
Package: calc 2007/08/22 v4.3 Infix arithmetic (KKT,FJ)
\calc@Acount=\count108
\calc@Bcount=\count109
\calc@Adimen=\dimen134
\calc@Bdimen=\dimen135
\calc@Askip=\skip58
\calc@Bskip=\skip59
LaTeX Info: Redefining \setlength on input line 76.
LaTeX Info: Redefining \addtolength on input line 77.
\calc@Ccount=\count110
\calc@Cskip=\skip60
)
("C:\Program Files\MiKTeX 2.9\tex\latex\eso-pic\eso-pic.sty"
Package: eso-pic 2010/10/06 v2.0c eso-pic (RN)

("C:\Program Files\MiKTeX 2.9\tex\generic\oberdiek\atbegshi.sty"
Package: atbegshi 2011/10/05 v1.16 At begin shipout hook (HO)
))
\wpXoffset=\skip61
\wpYoffset=\skip62
\tileXoffset=\skip63
\tileYoffset=\skip64
\tilewidth=\skip65
\tileheight=\skip66
\tileX=\skip67
\tileY=\skip68
)
("C:\Program Files\MiKTeX 2.9\tex\latex\mdframed\mdframed.sty"
Package: mdframed 2012/04/08 v1.5: mdframed

("C:\Program Files\MiKTeX 2.9\tex\latex\oberdiek\kvoptions.sty"
Package: kvoptions 2011/06/30 v3.11 Key value format for package options (HO)

("C:\Program Files\MiKTeX 2.9\tex\generic\oberdiek\kvsetkeys.sty"
Package: kvsetkeys 2012/04/25 v1.16 Key value parser (HO)

("C:\Program Files\MiKTeX 2.9\tex\generic\oberdiek\etexcmds.sty"
Package: etexcmds 2011/02/16 v1.5 Avoid name clashes with e-TeX commands (HO)

("C:\Program Files\MiKTeX 2.9\tex\generic\oberdiek\ifluatex.sty"
Package: ifluatex 2010/03/01 v1.3 Provides the ifluatex switch (HO)
Package ifluatex Info: LuaTeX not detected.
)
Package etexcmds Info: Could not find \expanded.
(etexcmds)             That can mean that you are not using pdfTeX 1.50 or
(etexcmds)             that some package has redefined \expanded.
(etexcmds)             In the latter case, load this package earlier.
)))
("C:\Program Files\MiKTeX 2.9\tex\latex\l3packages\xparse\xparse.sty"
("C:\Program Files\MiKTeX 2.9\tex\latex\l3kernel\expl3.sty"
("C:\Program Files\MiKTeX 2.9\tex\latex\l3kernel\l3names.sty"
("C:\Program Files\MiKTeX 2.9\tex\latex\l3kernel\l3bootstrap.sty"
Package: l3bootstrap 2011/12/29 v3110 L3 Experimental bootstrap code
)
Package: l3names 2012/03/04 v3494 L3 Experimental namespace for primitives
)
("C:\Program Files\MiKTeX 2.9\tex\latex\misc\etex.sty"
Package: etex 1998/03/26 v2.0 eTeX basic definition package (PEB)
\et@xins=\count111
)
Package: expl3 2012/04/23 v3570 L3 Experimental code bundle wrapper

("C:\Program Files\MiKTeX 2.9\tex\latex\l3kernel\l3basics.sty"
Package: l3basics 2012/03/04 v3491 L3 Experimental basic definitions
)
("C:\Program Files\MiKTeX 2.9\tex\latex\l3kernel\l3expan.sty"
Package: l3expan 2012/02/26 v3460 L3 Experimental argument expansion
)
("C:\Program Files\MiKTeX 2.9\tex\latex\l3kernel\l3tl.sty"
Package: l3tl 2012/03/04 v3490 L3 Experimental token lists
)
("C:\Program Files\MiKTeX 2.9\tex\latex\l3kernel\l3seq.sty"
Package: l3seq 2012/03/04 v3490 L3 Experimental sequences and stacks
)
("C:\Program Files\MiKTeX 2.9\tex\latex\l3kernel\l3int.sty"
Package: l3int 2012/03/04 v3490 L3 Experimental integers
\c_max_int=\count112
\l_tmpa_int=\count113
\l_tmpb_int=\count114
\l_tmpc_int=\count115
\g_tmpa_int=\count116
\g_tmpb_int=\count117
)
("C:\Program Files\MiKTeX 2.9\tex\latex\l3kernel\l3quark.sty"
Package: l3quark 2012/02/12 v3384 L3 Experimental quarks
)
("C:\Program Files\MiKTeX 2.9\tex\latex\l3kernel\l3prg.sty"
Package: l3prg 2012/03/04 v3490 L3 Experimental control structures
\g_prg_map_int=\count118
)
("C:\Program Files\MiKTeX 2.9\tex\latex\l3kernel\l3clist.sty"
Package: l3clist 2012/03/04 v3490 L3 Experimental comma separated lists
)
("C:\Program Files\MiKTeX 2.9\tex\latex\l3kernel\l3token.sty"
Package: l3token 2012/03/04 v3491 L3 Experimental token manipulation
)
("C:\Program Files\MiKTeX 2.9\tex\latex\l3kernel\l3prop.sty"
Package: l3prop 2012/03/04 v3490 L3 Experimental property lists
)
("C:\Program Files\MiKTeX 2.9\tex\latex\l3kernel\l3msg.sty"
Package: l3msg 2012/04/23 v3568 L3 Experimental messages
)
("C:\Program Files\MiKTeX 2.9\tex\latex\l3kernel\l3file.sty"
Package: l3file 2012/03/09 v3520 L3 Experimental file and I/O operations
\l_iow_stream_int=\count119
\l_iow_line_length_int=\count120
\l_iow_target_length_int=\count121
\l_iow_current_line_int=\count122
\l_iow_current_word_int=\count123
\l_iow_current_indentation_int=\count124
)
("C:\Program Files\MiKTeX 2.9\tex\latex\l3kernel\l3skip.sty"
Package: l3skip 2012/03/05 v3499 L3 Experimental dimensions and skips
\l_tmpa_dim=\dimen136
\l_tmpb_dim=\dimen137
\l_tmpc_dim=\dimen138
\g_tmpa_dim=\dimen139
\g_tmpb_dim=\dimen140
\l_tmpa_skip=\skip69
\l_tmpb_skip=\skip70
\l_tmpc_skip=\skip71
\g_tmpa_skip=\skip72
\g_tmpb_skip=\skip73
)
("C:\Program Files\MiKTeX 2.9\tex\latex\l3kernel\l3keys.sty"
Package: l3keys 2012/03/03 v3487 L3 Experimental key-value interfaces
\g_keyval_level_int=\count125
\l_keys_choice_int=\count126
)
("C:\Program Files\MiKTeX 2.9\tex\latex\l3kernel\l3fp.sty"
Package: l3fp 2012/03/04 v3490 L3 Experimental floating-point operations
\c_one_million=\count127
\c_one_hundred_million=\count128
\c_five_hundred_million=\count129
\c_one_thousand_million=\count130
\c_fp_pi_by_four_decimal_int=\count131
\c_fp_pi_by_four_extended_int=\count132
\c_fp_pi_decimal_int=\count133
\c_fp_pi_extended_int=\count134
\c_fp_two_pi_decimal_int=\count135
\c_fp_two_pi_extended_int=\count136
\l_fp_count_int=\count137
\l_fp_div_offset_int=\count138
\l_fp_exp_integer_int=\count139
\l_fp_exp_decimal_int=\count140
\l_fp_exp_extended_int=\count141
\l_fp_exp_exponent_int=\count142
\l_fp_input_a_sign_int=\count143
\l_fp_input_a_integer_int=\count144
\l_fp_input_a_decimal_int=\count145
\l_fp_input_a_exponent_int=\count146
\l_fp_input_b_sign_int=\count147
\l_fp_input_b_integer_int=\count148
\l_fp_input_b_decimal_int=\count149
\l_fp_input_b_exponent_int=\count150
\l_fp_input_a_extended_int=\count151
\l_fp_input_b_extended_int=\count152
\l_fp_mul_a_i_int=\count153
\l_fp_mul_a_ii_int=\count154
\l_fp_mul_a_iii_int=\count155
\l_fp_mul_a_iv_int=\count156
\l_fp_mul_a_v_int=\count157
\l_fp_mul_a_vi_int=\count158
\l_fp_mul_b_i_int=\count159
\l_fp_mul_b_ii_int=\count160
\l_fp_mul_b_iii_int=\count161
\l_fp_mul_b_iv_int=\count162
\l_fp_mul_b_v_int=\count163
\l_fp_mul_b_vi_int=\count164
\l_fp_mul_output_int=\count165
\l_fp_output_sign_int=\count166
\l_fp_output_integer_int=\count167
\l_fp_output_decimal_int=\count168
\l_fp_output_exponent_int=\count169
\l_fp_output_extended_int=\count170
\l_fp_round_position_int=\count171
\l_fp_round_target_int=\count172
\l_fp_split_sign_int=\count173
\l_fp_internal_int=\count174
\l_fp_trig_octant_int=\count175
\l_fp_trig_sign_int=\count176
\l_fp_trig_decimal_int=\count177
\l_fp_trig_extended_int=\count178
\l_fp_internal_dim=\dimen141
\l_fp_internal_skip=\skip74
)
("C:\Program Files\MiKTeX 2.9\tex\latex\l3kernel\l3box.sty"
Package: l3box 2012/03/04 v3490 L3 Experimental boxes
\l_tmpb_box=\box56
\l_box_top_dim=\dimen142
\l_box_bottom_dim=\dimen143
\l_box_left_dim=\dimen144
\l_box_right_dim=\dimen145
\l_box_top_new_dim=\dimen146
\l_box_bottom_new_dim=\dimen147
\l_box_left_new_dim=\dimen148
\l_box_right_new_dim=\dimen149
\l_box_internal_box=\box57
)
("C:\Program Files\MiKTeX 2.9\tex\latex\l3kernel\l3coffins.sty"
Package: l3coffins 2012/03/03 v3482 L3 Experimental coffin code layer
\l_coffin_internal_box=\box58
\l_coffin_internal_dim=\dimen150
\l_coffin_offset_x_dim=\dimen151
\l_coffin_offset_y_dim=\dimen152
\l_coffin_x_dim=\dimen153
\l_coffin_y_dim=\dimen154
\l_coffin_x_prime_dim=\dimen155
\l_coffin_y_prime_dim=\dimen156
\l_coffin_Depth_dim=\dimen157
\l_coffin_Height_dim=\dimen158
\l_coffin_TotalHeight_dim=\dimen159
\l_coffin_Width_dim=\dimen160
\c_empty_coffin=\box59
\l_coffin_aligned_coffin=\box60
\l_coffin_aligned_internal_coffin=\box61
\l_coffin_bounding_shift_dim=\dimen161
\l_coffin_left_corner_dim=\dimen162
\l_coffin_right_corner_dim=\dimen163
\l_coffin_bottom_corner_dim=\dimen164
\l_coffin_top_corner_dim=\dimen165
\l_coffin_scaled_total_height_dim=\dimen166
\l_coffin_scaled_width_dim=\dimen167
\l_coffin_display_coffin=\box62
\l_coffin_display_coord_coffin=\box63
\l_coffin_display_pole_coffin=\box64
\l_coffin_display_offset_dim=\dimen168
\l_coffin_display_x_dim=\dimen169
\l_coffin_display_y_dim=\dimen170
)
("C:\Program Files\MiKTeX 2.9\tex\latex\l3kernel\l3color.sty"
Package: l3color 2011/09/07 v2776 L3 Experimental colour support
)
("C:\Program Files\MiKTeX 2.9\tex\latex\l3kernel\l3luatex.sty"
Package: l3luatex 2012/02/09 v3355 L3 Experimental LuaTeX-specific functions
\g_cctab_allocate_int=\count179
\g_cctab_stack_int=\count180
))
Package: xparse 2012/04/23 v3570 L3 Experimental document command parser
\l_xparse_current_arg_int=\count181
\l_xparse_m_args_int=\count182
\l_xparse_mandatory_args_int=\count183
\l_xparse_processor_int=\count184
\l_xparse_v_nesting_int=\count185
)
("C:\Program Files\MiKTeX 2.9\tex\latex\etoolbox\etoolbox.sty"
Package: etoolbox 2011/01/03 v2.1 e-TeX tools for LaTeX
\etb@tempcnta=\count186
)
("C:\Program Files\MiKTeX 2.9\tex\latex\oberdiek\zref-abspage.sty"
Package: zref-abspage 2012/04/04 v2.24 Module abspage for zref (HO)

("C:\Program Files\MiKTeX 2.9\tex\latex\oberdiek\zref-base.sty"
Package: zref-base 2012/04/04 v2.24 Module base for zref (HO)

("C:\Program Files\MiKTeX 2.9\tex\generic\oberdiek\kvdefinekeys.sty"
Package: kvdefinekeys 2011/04/07 v1.3 Define keys (HO)
)
("C:\Program Files\MiKTeX 2.9\tex\generic\oberdiek\pdftexcmds.sty"
Package: pdftexcmds 2011/11/29 v0.20 Utility functions of pdfTeX for LuaTeX (HO
)
Package pdftexcmds Info: LuaTeX not detected.
Package pdftexcmds Info: \pdf@primitive is available.
Package pdftexcmds Info: \pdf@ifprimitive is available.
Package pdftexcmds Info: \pdfdraftmode found.
)
("C:\Program Files\MiKTeX 2.9\tex\latex\oberdiek\auxhook.sty"
Package: auxhook 2011/03/04 v1.3 Hooks for auxiliary files (HO)
)
Package zref Info: New property list: main on input line 759.
Package zref Info: New property: default on input line 760.
Package zref Info: New property: page on input line 761.
)
\c@abspage=\count187
Package zref Info: New property: abspage on input line 62.
)
\mdf@templength=\skip75
\c@mdf@globalstyle@cnt=\count188
\mdf@skipabove@length=\skip76
\mdf@skipbelow@length=\skip77
\mdf@leftmargin@length=\skip78
\mdf@rightmargin@length=\skip79
\mdf@innerleftmargin@length=\skip80
\mdf@innerrightmargin@length=\skip81
\mdf@innertopmargin@length=\skip82
\mdf@innerbottommargin@length=\skip83
\mdf@splittopskip@length=\skip84
\mdf@splitbottomskip@length=\skip85
\mdf@outermargin@length=\skip86
\mdf@innermargin@length=\skip87
\mdf@linewidth@length=\skip88
\mdf@innerlinewidth@length=\skip89
\mdf@middlelinewidth@length=\skip90
\mdf@outerlinewidth@length=\skip91
\mdf@roundcorner@length=\skip92
\mdf@footenotedistance@length=\skip93
\mdf@userdefinedwidth@length=\skip94
\mdf@frametitleaboveskip@length=\skip95
\mdf@frametitlebelowskip@length=\skip96
\mdf@frametitlerulewidth@length=\skip97
\mdf@frametitleleftmargin@length=\skip98
\mdf@frametitlerightmargin@length=\skip99
\mdf@shadowsize@length=\skip100
\mdf@frametitlebox=\box65
\mdf@footnotebox=\box66
\mdf@splitbox@one=\box67
\mdf@splitbox@two=\box68
\mdfsplitboxwidth=\skip101
\mdfsplitboxtotalwidth=\skip102
\mdfsplitboxheight=\skip103
\mdfsplitboxdepth=\skip104
\mdfsplitboxtotalheight=\skip105
\mdfframetitleboxwidth=\skip106
\mdfframetitleboxtotalwidth=\skip107
\mdfframetitleboxheight=\skip108
\mdfframetitleboxdepth=\skip109
\mdfframetitleboxtotalheight=\skip110
\mdffootnoteboxwidth=\skip111
\mdffootnoteboxtotalwidth=\skip112
\mdffootnoteboxheight=\skip113
\mdffootnoteboxdepth=\skip114
\mdffootnoteboxtotalheight=\skip115
\mdftotallinewidth=\skip116
\mdfboundingboxwidth=\skip117
\mdfboundingboxtotalwidth=\skip118
\mdfboundingboxheight=\skip119
\mdfboundingboxdepth=\skip120
\mdfboundingboxtotalheight=\skip121
\mdf@freevspace@length=\skip122
\mdf@horizontalwidthofbox@length=\skip123
\mdf@verticalmarginwhole@length=\skip124
.................................................
. LaTeX info: "xparse/define-command"
. 
. Defining document command \newmdtheoremenv with arg. spec. 'O{} m o m o ' on
. line 501.
.................................................
.................................................
. LaTeX info: "xparse/define-command"
. 
. Defining document command \mdtheorem with arg. spec. ' O{} m o m o ' on line
. 581.
.................................................

("C:\Program Files\MiKTeX 2.9\tex\latex\mdframed\md-frame-0.mdf"
File: md-frame-0.mdf 2012/04/08 v1.5: md-frame-0
)
\c@mdf@zref@counter=\count189
Package zref Info: New property: mdf@pagevalue on input line 782.
\mdf@horizontalspaceofbox=\skip125
){C:/ProgramData/MiKTeX/2.9/pdftex/config/pdftex.map}{C:/Program Files/MiKTeX 2
.9/fonts/map/dvips/knitting/knitfont.map

pdfTeX warning: pdflatex.EXE (file C:/Program Files/MiKTeX 2.9/fonts/map/dvips/
knitting/knitfont.map): fontmap entry for `knitnn' already exists, duplicates i
gnored


pdfTeX warning: pdflatex.EXE (file C:/Program Files/MiKTeX 2.9/fonts/map/dvips/
knitting/knitfont.map): fontmap entry for `knitwn' already exists, duplicates i
gnored


pdfTeX warning: pdflatex.EXE (file C:/Program Files/MiKTeX 2.9/fonts/map/dvips/
knitting/knitfont.map): fontmap entry for `knitgn' already exists, duplicates i
gnored


pdfTeX warning: pdflatex.EXE (file C:/Program Files/MiKTeX 2.9/fonts/map/dvips/
knitting/knitfont.map): fontmap entry for `knitnp' already exists, duplicates i
gnored


pdfTeX warning: pdflatex.EXE (file C:/Program Files/MiKTeX 2.9/fonts/map/dvips/
knitting/knitfont.map): fontmap entry for `knitwp' already exists, duplicates i
gnored


pdfTeX warning: pdflatex.EXE (file C:/Program Files/MiKTeX 2.9/fonts/map/dvips/
knitting/knitfont.map): fontmap entry for `knitgp' already exists, duplicates i
gnored


pdfTeX warning: pdflatex.EXE (file C:/Program Files/MiKTeX 2.9/fonts/map/dvips/
knitting/knitfont.map): fontmap entry for `knitnr' already exists, duplicates i
gnored


pdfTeX warning: pdflatex.EXE (file C:/Program Files/MiKTeX 2.9/fonts/map/dvips/
knitting/knitfont.map): fontmap entry for `knitnl' already exists, duplicates i
gnored


pdfTeX warning: pdflatex.EXE (file C:/Program Files/MiKTeX 2.9/fonts/map/dvips/
knitting/knitfont.map): fontmap entry for `knitgg' already exists, duplicates i
gnored


pdfTeX warning: pdflatex.EXE (file C:/Program Files/MiKTeX 2.9/fonts/map/dvips/
knitting/knitfont.map): fontmap entry for `knitwg' already exists, duplicates i
gnored


pdfTeX warning: pdflatex.EXE (file C:/Program Files/MiKTeX 2.9/fonts/map/dvips/
knitting/knitfont.map): fontmap entry for `knitn_sc_in' already exists, duplica
tes ignored


pdfTeX warning: pdflatex.EXE (file C:/Program Files/MiKTeX 2.9/fonts/map/dvips/
knitting/knitfont.map): fontmap entry for `knitn_sc_out' already exists, duplic
ates ignored


pdfTeX warning: pdflatex.EXE (file C:/Program Files/MiKTeX 2.9/fonts/map/dvips/
knitting/knitfont.map): fontmap entry for `knitg_sc_in' already exists, duplica
tes ignored


pdfTeX warning: pdflatex.EXE (file C:/Program Files/MiKTeX 2.9/fonts/map/dvips/
knitting/knitfont.map): fontmap entry for `knitg_sc_out' already exists, duplic
ates ignored


pdfTeX warning: pdflatex.EXE (file C:/Program Files/MiKTeX 2.9/fonts/map/dvips/
knitting/knitfont.map): fontmap entry for `knitw_sc_in' already exists, duplica
tes ignored


pdfTeX warning: pdflatex.EXE (file C:/Program Files/MiKTeX 2.9/fonts/map/dvips/
knitting/knitfont.map): fontmap entry for `knitw_sc_out' already exists, duplic
ates ignored
} ("C:\Program Files\MiKTeX 2.9\tex\latex\psnfss\palatino.sty"
Package: palatino 2005/04/12 PSNFSS-v9.2a (SPQR) 
)
("C:\Program Files\MiKTeX 2.9\tex\latex\moresize\moresize.sty"
Package: moresize 1999/07/26 v1.9 (more font sizes)
)
("C:\Program Files\MiKTeX 2.9\tex\latex\sectsty\sectsty.sty"
Package: sectsty 2002/02/25 v2.0.2 Commands to change all sectional heading sty
les
)
("C:\Users\Shanel Wu\Box Sync\Knitting\Patterns\Yarnia\yarnia.aux")
LaTeX Font Info:    Checking defaults for OML/cmm/m/it on input line 89.
LaTeX Font Info:    ... okay on input line 89.
LaTeX Font Info:    Checking defaults for T1/cmr/m/n on input line 89.
LaTeX Font Info:    ... okay on input line 89.
LaTeX Font Info:    Checking defaults for OT1/cmr/m/n on input line 89.
LaTeX Font Info:    ... okay on input line 89.
LaTeX Font Info:    Checking defaults for OMS/cmsy/m/n on input line 89.
LaTeX Font Info:    ... okay on input line 89.
LaTeX Font Info:    Checking defaults for OMX/cmex/m/n on input line 89.
LaTeX Font Info:    ... okay on input line 89.
LaTeX Font Info:    Checking defaults for U/cmr/m/n on input line 89.
LaTeX Font Info:    ... okay on input line 89.
LaTeX Font Info:    Try loading font information for OT1+ppl on input line 89.

("C:\Program Files\MiKTeX 2.9\tex\latex\psnfss\ot1ppl.fd"
File: ot1ppl.fd 2001/06/04 font definitions for OT1/ppl.
)
*geometry* driver: auto-detecting
*geometry* detected driver: pdftex
*geometry* verbose mode - [ preamble ] result:
* driver: pdftex
* paper: <default>
* layout: <same size as paper>
* layoutoffset:(h,v)=(0.0pt,0.0pt)
* modes: 
* h-part:(L,W,R)=(50.58878pt, 513.11745pt, 50.58878pt)
* v-part:(T,H,B)=(50.58878pt, 693.79243pt, 50.58878pt)
* \paperwidth=614.295pt
* \paperheight=794.96999pt
* \textwidth=513.11745pt
* \textheight=693.79243pt
* \oddsidemargin=-21.68121pt
* \evensidemargin=-21.68121pt
* \topmargin=-58.68121pt
* \headheight=12.0pt
* \headsep=25.0pt
* \topskip=12.0pt
* \footskip=30.0pt
* \marginparwidth=44.0pt
* \marginparsep=10.0pt
* \columnsep=19.91684pt
* \skip\footins=10.8pt plus 4.0pt minus 2.0pt
* \hoffset=0.0pt
* \voffset=0.0pt
* \mag=1000
* \@twocolumnfalse
* \@twosidefalse
* \@mparswitchfalse
* \@reversemarginfalse
* (1in=72.27pt=25.4mm, 1cm=28.453pt)

("C:\Program Files\MiKTeX 2.9\tex\context\base\supp-pdf.mkii"
[Loading MPS to PDF converter (version 2006.09.02).]
\scratchcounter=\count190
\scratchdimen=\dimen171
\scratchbox=\box69
\nofMPsegments=\count191
\nofMParguments=\count192
\everyMPshowfont=\toks21
\MPscratchCnt=\count193
\MPscratchDim=\dimen172
\MPnumerator=\count194
\makeMPintoPDFobject=\count195
\everyMPtoPDFconversion=\toks22
)
\AtBeginShipoutBox=\box70
LaTeX Font Info:    Try loading font information for OT1+qag on input line 94.
 ("C:\Program Files\MiKTeX 2.9\tex\latex\tex-gyre\ot1qag.fd"
File: ot1qag.fd 2009/09/25 v1.2 font definition file for OT1/qag
)
LaTeX Font Info:    Font shape `OT1/qag/bx/n' in size <35.83> not available
(Font)              Font shape `OT1/qag/b/n' tried instead on input line 95.
LaTeX Font Info:    Font shape `OT1/ppl/bx/n' in size <12> not available
(Font)              Font shape `OT1/ppl/b/n' tried instead on input line 116.
LaTeX Font Info:    Try loading font information for OT1+phv on input line 116.


("C:\Program Files\MiKTeX 2.9\tex\latex\psnfss\ot1phv.fd"
File: ot1phv.fd 2001/06/04 scalable font definitions for OT1/phv.
)
LaTeX Font Info:    Font shape `OT1/phv/bx/n' in size <12> not available
(Font)              Font shape `OT1/phv/b/n' tried instead on input line 116.
LaTeX Font Info:    Try loading font information for OMS+ppl on input line 130.


("C:\Program Files\MiKTeX 2.9\tex\latex\psnfss\omsppl.fd"
File: omsppl.fd 
)
LaTeX Font Info:    Font shape `OMS/ppl/m/n' in size <10.95> not available
(Font)              Font shape `OMS/cmsy/m/n' tried instead on input line 130.
LaTeX Font Info:    Try loading font information for U+msa on input line 138.

("C:\Program Files\MiKTeX 2.9\tex\latex\amsfonts\umsa.fd"
File: umsa.fd 2009/06/22 v3.00 AMS symbols A
)
LaTeX Font Info:    Try loading font information for U+msb on input line 138.

("C:\Program Files\MiKTeX 2.9\tex\latex\amsfonts\umsb.fd"
File: umsb.fd 2009/06/22 v3.00 AMS symbols B
)
LaTeX Font Info:    Font shape `OMS/ppl/m/n' in size <7> not available
(Font)              Font shape `OMS/cmsy/m/n' tried instead on input line 153.

Overfull \vbox (37.43169pt too high) has occurred while \output is active []


<fullpage2.jpg, id=1, 614.295pt x 794.97pt>
File: fullpage2.jpg Graphic file (type jpg)
 <use fullpage2.jpg>
Package pdftex.def Info: fullpage2.jpg used on input line 156.
(pdftex.def)             Requested size: 614.31223pt x 794.99231pt.
 [1

 <C:/Users/Shanel Wu/Box Sync/Knitting/Patterns/Yarnia/fullpage2.jpg>]
LaTeX Font Info:    Font shape `OT1/ppl/bx/n' in size <17.28> not available
(Font)              Font shape `OT1/ppl/b/n' tried instead on input line 161.
LaTeX Font Info:    Font shape `OT1/phv/bx/n' in size <17.28> not available
(Font)              Font shape `OT1/phv/b/n' tried instead on input line 161.

<schematic4.jpg, id=12, 718.6047pt x 417.9615pt>
File: schematic4.jpg Graphic file (type jpg)
 <use schematic4.jpg>
Package pdftex.def Info: schematic4.jpg used on input line 165.
(pdftex.def)             Requested size: 434.89426pt x 252.94499pt.
LaTeX Font Info:    Font shape `OT1/ppl/bx/n' in size <14.4> not available
(Font)              Font shape `OT1/ppl/b/n' tried instead on input line 170.
LaTeX Font Info:    Font shape `OT1/phv/bx/n' in size <14.4> not available
(Font)              Font shape `OT1/phv/b/n' tried instead on input line 170.
LaTeX Font Info:    Font shape `OT1/ppl/bx/it' in size <12> not available
(Font)              Font shape `OT1/ppl/b/it' tried instead on input line 172.
LaTeX Font Info:    Font shape `OT1/ppl/bx/n' in size <10.95> not available
(Font)              Font shape `OT1/ppl/b/n' tried instead on input line 181.

Overfull \hbox (24.79997pt too wide) in paragraph at lines 179--195
 [] 
 []

[2 <C:/Users/Shanel Wu/Box Sync/Knitting/Patterns/Yarnia/schematic4.jpg>]
<brushdetail.jpg, id=19, 1204.5pt x 677.53125pt>
File: brushdetail.jpg Graphic file (type jpg)
 <use brushdetail.jpg>
Package pdftex.def Info: brushdetail.jpg used on input line 229.
(pdftex.def)             Requested size: 246.6003pt x 138.70871pt.
 [3 <C:/Users/Shanel Wu/Box Sync/Knitting/Patterns/Yarnia/brushdetail.jpg>]
LaTeX Font Info:    Font shape `OMS/ppl/m/n' in size <12> not available
(Font)              Font shape `OMS/cmsy/m/n' tried instead on input line 379.
 [4]
<0_setup.jpg, id=27, 2198.2125pt x 1318.9275pt>
File: 0_setup.jpg Graphic file (type jpg)
 <use 0_setup.jpg>
Package pdftex.def Info: 0_setup.jpg used on input line 387.
(pdftex.def)             Requested size: 180.65709pt x 108.405pt.

<1_knit1.jpg, id=28, 2535.4725pt x 1521.685pt>
File: 1_knit1.jpg Graphic file (type jpg)
 <use 1_knit1.jpg>
Package pdftex.def Info: 1_knit1.jpg used on input line 391.
(pdftex.def)             Requested size: 180.59625pt x 108.405pt.

<2_insert.jpg, id=29, 2902.845pt x 1741.50626pt>
File: 2_insert.jpg Graphic file (type jpg)
 <use 2_insert.jpg>
Package pdftex.def Info: 2_insert.jpg used on input line 392.
(pdftex.def)             Requested size: 240.91393pt x 144.54pt.

Overfull \hbox (23.68832pt too wide) in paragraph at lines 392--393
[] 
 []

<3.jpg, id=30, 3143.745pt x 1886.04625pt>
File: 3.jpg Graphic file (type jpg)
 <use 3.jpg>
Package pdftex.def Info: 3.jpg used on input line 397.
(pdftex.def)             Requested size: 180.6536pt x 108.405pt.

<4_knit2.jpg, id=31, 2945.0025pt x 1766.6pt>
File: 4_knit2.jpg Graphic file (type jpg)
 <use 4_knit2.jpg>
Package pdftex.def Info: 4_knit2.jpg used on input line 398.
(pdftex.def)             Requested size: 180.69193pt x 108.405pt.

<5_loop2.jpg, id=32, 3161.8125pt x 1897.0875pt>
File: 5_loop2.jpg Graphic file (type jpg)
 <use 5_loop2.jpg>
Package pdftex.def Info: 5_loop2.jpg used on input line 399.
(pdftex.def)             Requested size: 180.63045pt x 108.405pt.

<6_knit3.jpg, id=33, 3402.7125pt x 2041.6275pt>
File: 6_knit3.jpg Graphic file (type jpg)
 <use 6_knit3.jpg>
Package pdftex.def Info: 6_knit3.jpg used on input line 400.
(pdftex.def)             Requested size: 180.63367pt x 108.405pt.
 [5 <C:/Users/Shanel Wu/Box Sync/Knitting/Patterns/Yarnia/0_setup.jpg> <C:/User
s/Shanel Wu/Box Sync/Knitting/Patterns/Yarnia/1_knit1.jpg> <C:/Users/Shanel Wu/
Box Sync/Knitting/Patterns/Yarnia/2_insert.jpg> <C:/Users/Shanel Wu/Box Sync/Kn
itting/Patterns/Yarnia/3.jpg> <C:/Users/Shanel Wu/Box Sync/Knitting/Patterns/Ya
rnia/4_knit2.jpg> <C:/Users/Shanel Wu/Box Sync/Knitting/Patterns/Yarnia/5_loop2
.jpg> <C:/Users/Shanel Wu/Box Sync/Knitting/Patterns/Yarnia/6_knit3.jpg>]
<7_loop3.jpg, id=37, 3197.9475pt x 1919.17pt>
File: 7_loop3.jpg Graphic file (type jpg)
 <use 7_loop3.jpg>
Package pdftex.def Info: 7_loop3.jpg used on input line 408.
(pdftex.def)             Requested size: 180.59653pt x 108.405pt.

<8_finishedRS.jpg, id=38, 2087.8pt x 1252.68pt>
File: 8_finishedRS.jpg Graphic file (type jpg)
 <use 8_finishedRS.jpg>
Package pdftex.def Info: 8_finishedRS.jpg used on input line 411.
(pdftex.def)             Requested size: 180.66231pt x 108.405pt.

<9_WS.jpg, id=39, 2908.8675pt x 1745.52126pt>
File: 9_WS.jpg Graphic file (type jpg)
 <use 9_WS.jpg>
Package pdftex.def Info: 9_WS.jpg used on input line 414.
(pdftex.def)             Requested size: 180.64973pt x 108.405pt.

<10_finishedWS.jpg, id=40, 1728.4575pt x 1036.87375pt>
File: 10_finishedWS.jpg Graphic file (type jpg)
 <use 10_finishedWS.jpg>
Package pdftex.def Info: 10_finishedWS.jpg used on input line 417.
(pdftex.def)             Requested size: 240.92743pt x 144.54pt.

Overfull \hbox (23.70183pt too wide) in paragraph at lines 416--418
[] 
 []


Underfull \hbox (badness 10000) in paragraph at lines 422--423

 []

[6 <C:/Users/Shanel Wu/Box Sync/Knitting/Patterns/Yarnia/7_loop3.jpg> <C:/Users
/Shanel Wu/Box Sync/Knitting/Patterns/Yarnia/8_finishedRS.jpg> <C:/Users/Shanel
 Wu/Box Sync/Knitting/Patterns/Yarnia/9_WS.jpg> <C:/Users/Shanel Wu/Box Sync/Kn
itting/Patterns/Yarnia/10_finishedWS.jpg>]
("C:\Users\Shanel Wu\Box Sync\Knitting\Patterns\Yarnia\yarnia.aux") ) 
Here is how much of TeX's memory you used:
 10931 strings out of 494045
 179424 string characters out of 3148374
 273777 words of memory out of 3000000
 13975 multiletter control sequences out of 15000+200000
 33413 words of font info for 68 fonts, out of 3000000 for 9000
 715 hyphenation exceptions out of 8191
 47i,14n,45p,888b,992s stack positions out of 5000i,500n,10000p,200000b,50000s
{C:/Progra
m Files/MiKTeX 2.9/fonts/enc/dvips/fontname/8r.enc}{C:/Program Files/MiKTeX 2.9
/fonts/enc/dvips/tex-gyre/q-rm.enc}<C:/Program Files/MiKTeX 2.9/fonts/type1/pub
lic/amsfonts/cm/cmsy10.pfb><C:/Program Files/MiKTeX 2.9/fonts/type1/public/amsf
onts/cm/cmsy7.pfb><C:/Program Files/MiKTeX 2.9/fonts/type1/public/amsfonts/symb
ols/msam10.pfb><C:/Program Files/MiKTeX 2.9/fonts/type1/public/tex-gyre/qagb.pf
b><C:/Program Files/MiKTeX 2.9/fonts/type1/public/tex-gyre/qagr.pfb><C:/Program
 Files/MiKTeX 2.9/fonts/type1/urw/helvetic/uhvb8a.pfb><C:/Program Files/MiKTeX 
2.9/fonts/type1/urw/palatino/uplb8a.pfb><C:/Program Files/MiKTeX 2.9/fonts/type
1/urw/palatino/uplbi8a.pfb><C:/Program Files/MiKTeX 2.9/fonts/type1/urw/palatin
o/uplr8a.pfb><C:/Program Files/MiKTeX 2.9/fonts/type1/urw/palatino/uplri8a.pfb>

Output written on yarnia.pdf (6 pages, 3239775 bytes).
PDF statistics:
 77 PDF objects out of 1000 (max. 8388607)
 0 named destinations out of 1000 (max. 500000)
 71 words of extra memory for PDF output out of 10000 (max. 10000000)

