This is pdfTeX, Version 3.1415926-2.3-1.40.12 (MiKTeX 2.9 64-bit) (preloaded format=pdflatex 2012.12.29)  12 MAR 2017 15:29
entering extended mode
**C:/Users/Shanel*Wu/Box*Sync/Knitting/Patterns/miteredNova/miteredNova.tex
("C:/Users/Shanel Wu/Box Sync/Knitting/Patterns/miteredNova/miteredNova.tex"
LaTeX2e <2011/06/27>
Babel <v3.8m> and hyphenation patterns for english, afrikaans, ancientgreek, ar
abic, armenian, assamese, basque, bengali, bokmal, bulgarian, catalan, coptic, 
croatian, czech, danish, dutch, esperanto, estonian, farsi, finnish, french, ga
lician, german, german-x-2009-06-19, greek, gujarati, hindi, hungarian, iceland
ic, indonesian, interlingua, irish, italian, kannada, kurmanji, lao, latin, lat
vian, lithuanian, malayalam, marathi, mongolian, mongolianlmc, monogreek, ngerm
an, ngerman-x-2009-06-19, nynorsk, oriya, panjabi, pinyin, polish, portuguese, 
romanian, russian, sanskrit, serbian, slovak, slovenian, spanish, swedish, swis
sgerman, tamil, telugu, turkish, turkmen, ukenglish, ukrainian, uppersorbian, u
senglishmax, welsh, loaded.
("C:\Program Files\MiKTeX 2.9\tex\latex\base\article.cls"
Document Class: article 2007/10/19 v1.4h Standard LaTeX document class
("C:\Program Files\MiKTeX 2.9\tex\latex\base\size12.clo"
File: size12.clo 2007/10/19 v1.4h Standard LaTeX file (size option)
)
\c@part=\count79
\c@section=\count80
\c@subsection=\count81
\c@subsubsection=\count82
\c@paragraph=\count83
\c@subparagraph=\count84
\c@figure=\count85
\c@table=\count86
\abovecaptionskip=\skip41
\belowcaptionskip=\skip42
\bibindent=\dimen102
)
("C:\Program Files\MiKTeX 2.9\tex\latex\geometry\geometry.sty"
Package: geometry 2010/09/12 v5.6 Page Geometry

("C:\Program Files\MiKTeX 2.9\tex\latex\graphics\keyval.sty"
Package: keyval 1999/03/16 v1.13 key=value parser (DPC)
\KV@toks@=\toks14
)
("C:\Program Files\MiKTeX 2.9\tex\generic\oberdiek\ifpdf.sty"
Package: ifpdf 2011/01/30 v2.3 Provides the ifpdf switch (HO)
Package ifpdf Info: pdfTeX in PDF mode is detected.
)
("C:\Program Files\MiKTeX 2.9\tex\generic\oberdiek\ifvtex.sty"
Package: ifvtex 2010/03/01 v1.5 Detect VTeX and its facilities (HO)
Package ifvtex Info: VTeX not detected.
)
("C:\Program Files\MiKTeX 2.9\tex\generic\ifxetex\ifxetex.sty"
Package: ifxetex 2010/09/12 v0.6 Provides ifxetex conditional
)
\Gm@cnth=\count87
\Gm@cntv=\count88
\c@Gm@tempcnt=\count89
\Gm@bindingoffset=\dimen103
\Gm@wd@mp=\dimen104
\Gm@odd@mp=\dimen105
\Gm@even@mp=\dimen106
\Gm@layoutwidth=\dimen107
\Gm@layoutheight=\dimen108
\Gm@layouthoffset=\dimen109
\Gm@layoutvoffset=\dimen110
\Gm@dimlist=\toks15

("C:\Program Files\MiKTeX 2.9\tex\latex\geometry\geometry.cfg"))
("C:\Program Files\MiKTeX 2.9\tex\latex\knitting\knitting.sty"
Package: knitting 2010/08/29

("C:\Program Files\MiKTeX 2.9\tex\latex\graphics\color.sty"
Package: color 2005/11/14 v1.0j Standard LaTeX Color (DPC)

("C:\Program Files\MiKTeX 2.9\tex\latex\00miktex\color.cfg"
File: color.cfg 2007/01/18 v1.5 color configuration of teTeX/TeXLive
)
Package color Info: Driver file: pdftex.def on input line 130.

("C:\Program Files\MiKTeX 2.9\tex\latex\pdftex-def\pdftex.def"
File: pdftex.def 2011/05/27 v0.06d Graphics/color for pdfTeX

("C:\Program Files\MiKTeX 2.9\tex\generic\oberdiek\infwarerr.sty"
Package: infwarerr 2010/04/08 v1.3 Providing info/warning/error messages (HO)
)
("C:\Program Files\MiKTeX 2.9\tex\generic\oberdiek\ltxcmds.sty"
Package: ltxcmds 2011/11/09 v1.22 LaTeX kernel commands for general use (HO)
)
\Gread@gobject=\count90
))
\leftgap@knit=\skip43
\bgshift@knit=\skip44
\chartwidth@knit=\skip45
\stitchcountwidth@knit=\skip46
\rnleftwd@knit=\skip47
\rnrightwd@knit=\skip48
\bgbox@knit=\box26
\fgbox@knit=\box27
\ggbox@knit=\box28
\c@rownumber=\count91
\c@tempcount@knit=\count92
\c@rownumberskip=\count93
\c@stitchcountin=\count94
\c@stitchcountinprev=\count95
\c@stitchcountout=\count96
LaTeX Font Info:    Try loading font information for U+knit on input line 140.

("C:\Program Files\MiKTeX 2.9\tex\latex\knitting\uknit.fd"
File: T1knit.fd 2010/08/09 Knit fonts
))
("C:\Program Files\MiKTeX 2.9\tex\latex\titling\titling.sty"
Package: titling 2009/09/04 v2.1d maketitle typesetting
\thanksmarkwidth=\skip49
\thanksmargin=\skip50
\droptitle=\skip51
)
("C:\Program Files\MiKTeX 2.9\tex\latex\graphics\graphicx.sty"
Package: graphicx 1999/02/16 v1.0f Enhanced LaTeX Graphics (DPC,SPQR)

("C:\Program Files\MiKTeX 2.9\tex\latex\graphics\graphics.sty"
Package: graphics 2009/02/05 v1.0o Standard LaTeX Graphics (DPC,SPQR)

("C:\Program Files\MiKTeX 2.9\tex\latex\graphics\trig.sty"
Package: trig 1999/03/16 v1.09 sin cos tan (DPC)
)
("C:\Program Files\MiKTeX 2.9\tex\latex\00miktex\graphics.cfg"
File: graphics.cfg 2007/01/18 v1.5 graphics configuration of teTeX/TeXLive
)
Package graphics Info: Driver file: pdftex.def on input line 91.
)
\Gin@req@height=\dimen111
\Gin@req@width=\dimen112
)
("C:\Program Files\MiKTeX 2.9\tex\latex\tools\xspace.sty"
Package: xspace 2009/10/20 v1.13 Space after command names (DPC,MH)
)
("C:\Program Files\MiKTeX 2.9\tex\latex\koma-script\scrextend.sty"
Package: scrextend 2012/05/15 v3.11 KOMA-Script KOMA-Script package (extend oth
er classes with features of KOMA-Script classes)

("C:\Program Files\MiKTeX 2.9\tex\latex\koma-script\scrkbase.sty"
Package: scrkbase 2012/05/15 v3.11 KOMA-Script package (KOMA-Script-dependent b
asics and keyval usage)

("C:\Program Files\MiKTeX 2.9\tex\latex\koma-script\scrbase.sty"
Package: scrbase 2012/05/15 v3.11 KOMA-Script package (KOMA-Script-independent 
basics and keyval usage)

("C:\Program Files\MiKTeX 2.9\tex\latex\koma-script\scrlfile.sty"
Package: scrlfile 2011/03/09 v3.09 KOMA-Script package (loading files)

Package scrlfile, 2011/03/09 v3.09 KOMA-Script package (loading files)
                  Copyright (C) Markus Kohm

)))) ("C:\Program Files\MiKTeX 2.9\tex\latex\tools\tabularx.sty"
Package: tabularx 1999/01/07 v2.07 `tabularx' package (DPC)

("C:\Program Files\MiKTeX 2.9\tex\latex\tools\array.sty"
Package: array 2008/09/09 v2.4c Tabular extension package (FMi)
\col@sep=\dimen113
\extrarowheight=\dimen114
\NC@list=\toks16
\extratabsurround=\skip52
\backup@length=\skip53
)
\TX@col@width=\dimen115
\TX@old@table=\dimen116
\TX@old@col=\dimen117
\TX@target=\dimen118
\TX@delta=\dimen119
\TX@cols=\count97
\TX@ftn=\toks17
)
("C:\Program Files\MiKTeX 2.9\tex\latex\colortbl\colortbl.sty"
Package: colortbl 2001/02/13 v0.1j Color table columns (DPC)
\everycr=\toks18
\minrowclearance=\skip54
)
("C:\Program Files\MiKTeX 2.9\tex\latex\tools\multicol.sty"
Package: multicol 2011/06/27 v1.7a multicolumn formatting (FMi)
\c@tracingmulticols=\count98
\mult@box=\box29
\multicol@leftmargin=\dimen120
\c@unbalance=\count99
\c@collectmore=\count100
\doublecol@number=\count101
\multicoltolerance=\count102
\multicolpretolerance=\count103
\full@width=\dimen121
\page@free=\dimen122
\premulticols=\dimen123
\postmulticols=\dimen124
\multicolsep=\skip55
\multicolbaselineskip=\skip56
\partial@page=\box30
\last@line=\box31
\mult@rightbox=\box32
\mult@grightbox=\box33
\mult@gfirstbox=\box34
\mult@firstbox=\box35
\@tempa=\box36
\@tempa=\box37
\@tempa=\box38
\@tempa=\box39
\@tempa=\box40
\@tempa=\box41
\@tempa=\box42
\@tempa=\box43
\@tempa=\box44
\@tempa=\box45
\@tempa=\box46
\@tempa=\box47
\@tempa=\box48
\@tempa=\box49
\@tempa=\box50
\@tempa=\box51
\@tempa=\box52
\c@columnbadness=\count104
\c@finalcolumnbadness=\count105
\last@try=\dimen125
\multicolovershoot=\dimen126
\multicolundershoot=\dimen127
\mult@nat@firstbox=\box53
\colbreak@box=\box54
\multicol@sort@counter=\count106
)
("C:\Program Files\MiKTeX 2.9\tex\latex\multirow\multirow.sty"
\bigstrutjot=\dimen128
)
("C:\Program Files\MiKTeX 2.9\tex\latex\framed\framed.sty"
Package: framed 2007/10/04 v 0.95: framed or shaded text with page breaks
\fb@frw=\dimen129
\fb@frh=\dimen130
\FrameRule=\dimen131
\FrameSep=\dimen132
)
("C:\Program Files\MiKTeX 2.9\tex\latex\xcolor\xcolor.sty"
Package: xcolor 2007/01/21 v2.11 LaTeX color extensions (UK)

("C:\Program Files\MiKTeX 2.9\tex\latex\00miktex\color.cfg"
File: color.cfg 2007/01/18 v1.5 color configuration of teTeX/TeXLive
)
Package xcolor Info: Driver file: pdftex.def on input line 225.
LaTeX Info: Redefining \color on input line 702.
Package xcolor Info: Model `cmy' substituted by `cmy0' on input line 1337.
Package xcolor Info: Model `hsb' substituted by `rgb' on input line 1341.
Package xcolor Info: Model `RGB' extended on input line 1353.
Package xcolor Info: Model `HTML' substituted by `rgb' on input line 1355.
Package xcolor Info: Model `Hsb' substituted by `hsb' on input line 1356.
Package xcolor Info: Model `tHsb' substituted by `hsb' on input line 1357.
Package xcolor Info: Model `HSB' substituted by `hsb' on input line 1358.
Package xcolor Info: Model `Gray' substituted by `gray' on input line 1359.
Package xcolor Info: Model `wave' substituted by `hsb' on input line 1360.

("C:\Program Files\MiKTeX 2.9\tex\latex\xcolor\x11nam.def"
File: x11nam.def 2007/01/21 v2.11 Predefined colors according to Unix/X11 (UK)
)){C:/ProgramData/MiKTeX/2.9/pdftex/config/pdftex.map}{C:/Program Files/MiKTeX 
2.9/fonts/map/dvips/knitting/knitfont.map

pdfTeX warning: pdflatex.EXE (file C:/Program Files/MiKTeX 2.9/fonts/map/dvips/
knitting/knitfont.map): fontmap entry for `knitnn' already exists, duplicates i
gnored


pdfTeX warning: pdflatex.EXE (file C:/Program Files/MiKTeX 2.9/fonts/map/dvips/
knitting/knitfont.map): fontmap entry for `knitwn' already exists, duplicates i
gnored


pdfTeX warning: pdflatex.EXE (file C:/Program Files/MiKTeX 2.9/fonts/map/dvips/
knitting/knitfont.map): fontmap entry for `knitgn' already exists, duplicates i
gnored


pdfTeX warning: pdflatex.EXE (file C:/Program Files/MiKTeX 2.9/fonts/map/dvips/
knitting/knitfont.map): fontmap entry for `knitnp' already exists, duplicates i
gnored


pdfTeX warning: pdflatex.EXE (file C:/Program Files/MiKTeX 2.9/fonts/map/dvips/
knitting/knitfont.map): fontmap entry for `knitwp' already exists, duplicates i
gnored


pdfTeX warning: pdflatex.EXE (file C:/Program Files/MiKTeX 2.9/fonts/map/dvips/
knitting/knitfont.map): fontmap entry for `knitgp' already exists, duplicates i
gnored


pdfTeX warning: pdflatex.EXE (file C:/Program Files/MiKTeX 2.9/fonts/map/dvips/
knitting/knitfont.map): fontmap entry for `knitnr' already exists, duplicates i
gnored


pdfTeX warning: pdflatex.EXE (file C:/Program Files/MiKTeX 2.9/fonts/map/dvips/
knitting/knitfont.map): fontmap entry for `knitnl' already exists, duplicates i
gnored


pdfTeX warning: pdflatex.EXE (file C:/Program Files/MiKTeX 2.9/fonts/map/dvips/
knitting/knitfont.map): fontmap entry for `knitgg' already exists, duplicates i
gnored


pdfTeX warning: pdflatex.EXE (file C:/Program Files/MiKTeX 2.9/fonts/map/dvips/
knitting/knitfont.map): fontmap entry for `knitwg' already exists, duplicates i
gnored


pdfTeX warning: pdflatex.EXE (file C:/Program Files/MiKTeX 2.9/fonts/map/dvips/
knitting/knitfont.map): fontmap entry for `knitn_sc_in' already exists, duplica
tes ignored


pdfTeX warning: pdflatex.EXE (file C:/Program Files/MiKTeX 2.9/fonts/map/dvips/
knitting/knitfont.map): fontmap entry for `knitn_sc_out' already exists, duplic
ates ignored


pdfTeX warning: pdflatex.EXE (file C:/Program Files/MiKTeX 2.9/fonts/map/dvips/
knitting/knitfont.map): fontmap entry for `knitg_sc_in' already exists, duplica
tes ignored


pdfTeX warning: pdflatex.EXE (file C:/Program Files/MiKTeX 2.9/fonts/map/dvips/
knitting/knitfont.map): fontmap entry for `knitg_sc_out' already exists, duplic
ates ignored


pdfTeX warning: pdflatex.EXE (file C:/Program Files/MiKTeX 2.9/fonts/map/dvips/
knitting/knitfont.map): fontmap entry for `knitw_sc_in' already exists, duplica
tes ignored


pdfTeX warning: pdflatex.EXE (file C:/Program Files/MiKTeX 2.9/fonts/map/dvips/
knitting/knitfont.map): fontmap entry for `knitw_sc_out' already exists, duplic
ates ignored
} ("C:\Users\Shanel Wu\Box Sync\Knitting\Patterns\miteredNova\miteredNova.aux")
LaTeX Font Info:    Checking defaults for OML/cmm/m/it on input line 74.
LaTeX Font Info:    ... okay on input line 74.
LaTeX Font Info:    Checking defaults for T1/cmr/m/n on input line 74.
LaTeX Font Info:    ... okay on input line 74.
LaTeX Font Info:    Checking defaults for OT1/cmr/m/n on input line 74.
LaTeX Font Info:    ... okay on input line 74.
LaTeX Font Info:    Checking defaults for OMS/cmsy/m/n on input line 74.
LaTeX Font Info:    ... okay on input line 74.
LaTeX Font Info:    Checking defaults for OMX/cmex/m/n on input line 74.
LaTeX Font Info:    ... okay on input line 74.
LaTeX Font Info:    Checking defaults for U/cmr/m/n on input line 74.
LaTeX Font Info:    ... okay on input line 74.
*geometry* driver: auto-detecting
*geometry* detected driver: pdftex
*geometry* verbose mode - [ preamble ] result:
* driver: pdftex
* paper: <default>
* layout: <same size as paper>
* layoutoffset:(h,v)=(0.0pt,0.0pt)
* modes: 
* h-part:(L,W,R)=(72.26999pt, 469.75502pt, 72.26999pt)
* v-part:(T,H,B)=(72.26999pt, 650.43001pt, 72.26999pt)
* \paperwidth=614.295pt
* \paperheight=794.96999pt
* \textwidth=469.75502pt
* \textheight=650.43001pt
* \oddsidemargin=0.0pt
* \evensidemargin=0.0pt
* \topmargin=-37.0pt
* \headheight=12.0pt
* \headsep=25.0pt
* \topskip=12.0pt
* \footskip=30.0pt
* \marginparwidth=44.0pt
* \marginparsep=10.0pt
* \columnsep=19.91684pt
* \skip\footins=10.8pt plus 4.0pt minus 2.0pt
* \hoffset=0.0pt
* \voffset=0.0pt
* \mag=1000
* \@twocolumnfalse
* \@twosidefalse
* \@mparswitchfalse
* \@reversemarginfalse
* (1in=72.27pt=25.4mm, 1cm=28.453pt)

("C:\Program Files\MiKTeX 2.9\tex\context\base\supp-pdf.mkii"
[Loading MPS to PDF converter (version 2006.09.02).]
\scratchcounter=\count107
\scratchdimen=\dimen133
\scratchbox=\box55
\nofMPsegments=\count108
\nofMParguments=\count109
\everyMPshowfont=\toks19
\MPscratchCnt=\count110
\MPscratchDim=\dimen134
\MPnumerator=\count111
\makeMPintoPDFobject=\count112
\everyMPtoPDFconversion=\toks20
) <LW-holdFront.jpg, id=1, 3586.39874pt x 2869.72125pt>
File: LW-holdFront.jpg Graphic file (type jpg)
 <use LW-holdFront.jpg>
Package pdftex.def Info: LW-holdFront.jpg used on input line 77.
(pdftex.def)             Requested size: 469.75502pt x 375.87932pt.
LaTeX Font Info:    Try loading font information for OMS+cmr on input line 94.

("C:\Program Files\MiKTeX 2.9\tex\latex\base\omscmr.fd"
File: omscmr.fd 1999/05/25 v2.5h Standard LaTeX font definitions
)
LaTeX Font Info:    Font shape `OMS/cmr/m/n' in size <12> not available
(Font)              Font shape `OMS/cmsy/m/n' tried instead on input line 94.
 [1

 <C:/Users/Shanel Wu/Box Sync/Knitting/Patterns/miteredNova/LW-holdFront.jpg>]
LaTeX Font Info:    External font `cmex10' loaded for size
(Font)              <12> on input line 118.
LaTeX Font Info:    External font `cmex10' loaded for size
(Font)              <8> on input line 118.
LaTeX Font Info:    External font `cmex10' loaded for size
(Font)              <6> on input line 118.

Overfull \hbox (5.91383pt too wide) in paragraph at lines 123--123
 []| 
 []


Overfull \hbox (13.30362pt too wide) in paragraph at lines 118--125
[][] 
 []

<FW-spread-small.jpg, id=9, 3470.9675pt x 2313.64375pt>
File: FW-spread-small.jpg Graphic file (type jpg)

<use FW-spread-small.jpg>
Package pdftex.def Info: FW-spread-small.jpg used on input line 129.
(pdftex.def)             Requested size: 469.75499pt x 313.1051pt.
 [2 <C:/Users/Shanel Wu/Box Sync/Knitting/Patterns/miteredNova/FW-spread-small.
jpg>]

Package xcolor Warning: Incompatible color definition on input line 141.


Package xcolor Warning: Incompatible color definition on input line 141.


Package xcolor Warning: Incompatible color definition on input line 142.


Package xcolor Warning: Incompatible color definition on input line 142.


Package xcolor Warning: Incompatible color definition on input line 144.


Package xcolor Warning: Incompatible color definition on input line 144.


Package xcolor Warning: Incompatible color definition on input line 145.


Package xcolor Warning: Incompatible color definition on input line 145.


Package xcolor Warning: Incompatible color definition on input line 147.


Package xcolor Warning: Incompatible color definition on input line 147.


Package xcolor Warning: Incompatible color definition on input line 148.


Package xcolor Warning: Incompatible color definition on input line 148.


Package xcolor Warning: Incompatible color definition on input line 149.


Package xcolor Warning: Incompatible color definition on input line 149.


Package xcolor Warning: Incompatible color definition on input line 151.


Package xcolor Warning: Incompatible color definition on input line 151.


Package xcolor Warning: Incompatible color definition on input line 152.


Package xcolor Warning: Incompatible color definition on input line 152.


Package xcolor Warning: Incompatible color definition on input line 153.


Package xcolor Warning: Incompatible color definition on input line 153.


Package xcolor Warning: Incompatible color definition on input line 154.


Package xcolor Warning: Incompatible color definition on input line 154.


Package xcolor Warning: Incompatible color definition on input line 155.


Package xcolor Warning: Incompatible color definition on input line 155.


Overfull \hbox (13.31078pt too wide) in paragraph at lines 138--158
 [] 
 []

[1] [2]

Package xcolor Warning: Incompatible color definition on input line 235.


Package xcolor Warning: Incompatible color definition on input line 235.


Package xcolor Warning: Incompatible color definition on input line 235.


Package xcolor Warning: Incompatible color definition on input line 235.


Package xcolor Warning: Incompatible color definition on input line 235.


Package xcolor Warning: Incompatible color definition on input line 235.


Package xcolor Warning: Incompatible color definition on input line 235.


Package xcolor Warning: Incompatible color definition on input line 235.


Package xcolor Warning: Incompatible color definition on input line 235.


Package xcolor Warning: Incompatible color definition on input line 235.


Package xcolor Warning: Incompatible color definition on input line 235.


Package xcolor Warning: Incompatible color definition on input line 235.


Package xcolor Warning: Incompatible color definition on input line 235.


Package xcolor Warning: Incompatible color definition on input line 235.


Package xcolor Warning: Incompatible color definition on input line 235.


Package xcolor Warning: Incompatible color definition on input line 235.


Package xcolor Warning: Incompatible color definition on input line 235.


Package xcolor Warning: Incompatible color definition on input line 235.


Package xcolor Warning: Incompatible color definition on input line 235.


Package xcolor Warning: Incompatible color definition on input line 235.


Package xcolor Warning: Incompatible color definition on input line 235.


Package xcolor Warning: Incompatible color definition on input line 235.


Package xcolor Warning: Incompatible color definition on input line 235.


Package xcolor Warning: Incompatible color definition on input line 235.


Package xcolor Warning: Incompatible color definition on input line 235.


Package xcolor Warning: Incompatible color definition on input line 235.


Package xcolor Warning: Incompatible color definition on input line 235.


Package xcolor Warning: Incompatible color definition on input line 235.


Package xcolor Warning: Incompatible color definition on input line 235.


Package xcolor Warning: Incompatible color definition on input line 235.


Package xcolor Warning: Incompatible color definition on input line 235.


Package xcolor Warning: Incompatible color definition on input line 235.


Package xcolor Warning: Incompatible color definition on input line 235.


Package xcolor Warning: Incompatible color definition on input line 235.


Package xcolor Warning: Incompatible color definition on input line 235.


Package xcolor Warning: Incompatible color definition on input line 235.


Package xcolor Warning: Incompatible color definition on input line 235.


Package xcolor Warning: Incompatible color definition on input line 235.


Package xcolor Warning: Incompatible color definition on input line 235.


Package xcolor Warning: Incompatible color definition on input line 235.


Package xcolor Warning: Incompatible color definition on input line 235.


Package xcolor Warning: Incompatible color definition on input line 235.

[3] <LW-holdDetail-small.jpg, id=27, 2999.205pt x 2999.205pt>
File: LW-holdDetail-small.jpg Graphic file (type jpg)

<use LW-holdDetail-small.jpg>
Package pdftex.def Info: LW-holdDetail-small.jpg used on input line 288.
(pdftex.def)             Requested size: 231.24612pt x 231.26378pt.

<FW-holdDetail-small.jpg, id=28, 2736.2225pt x 2736.2225pt>
File: FW-holdDetail-small.jpg Graphic file (type jpg)

<use FW-holdDetail-small.jpg>
Package pdftex.def Info: FW-holdDetail-small.jpg used on input line 289.
(pdftex.def)             Requested size: 231.26067pt x 231.26378pt.
 [4 <C:/Users/Shanel Wu/Box Sync/Knitting/Patterns/miteredNova/LW-holdDetail-sm
all.jpg> <C:/Users/Shanel Wu/Box Sync/Knitting/Patterns/miteredNova/FW-holdDeta
il-small.jpg>]

Package xcolor Warning: Incompatible color definition on input line 313.


Package xcolor Warning: Incompatible color definition on input line 313.


Package xcolor Warning: Incompatible color definition on input line 313.


Package xcolor Warning: Incompatible color definition on input line 313.


Package xcolor Warning: Incompatible color definition on input line 313.


Package xcolor Warning: Incompatible color definition on input line 313.


Package xcolor Warning: Incompatible color definition on input line 313.


Package xcolor Warning: Incompatible color definition on input line 313.


Package xcolor Warning: Incompatible color definition on input line 313.


Package xcolor Warning: Incompatible color definition on input line 313.


Package xcolor Warning: Incompatible color definition on input line 313.


Package xcolor Warning: Incompatible color definition on input line 313.


Package xcolor Warning: Incompatible color definition on input line 313.


Package xcolor Warning: Incompatible color definition on input line 313.


Package xcolor Warning: Incompatible color definition on input line 313.


Package xcolor Warning: Incompatible color definition on input line 313.


Package xcolor Warning: Incompatible color definition on input line 313.


Package xcolor Warning: Incompatible color definition on input line 313.


Package xcolor Warning: Incompatible color definition on input line 313.


Package xcolor Warning: Incompatible color definition on input line 313.


Package xcolor Warning: Incompatible color definition on input line 313.


Package xcolor Warning: Incompatible color definition on input line 313.


Package xcolor Warning: Incompatible color definition on input line 313.


Package xcolor Warning: Incompatible color definition on input line 313.


Package xcolor Warning: Incompatible color definition on input line 313.


Package xcolor Warning: Incompatible color definition on input line 313.


Package xcolor Warning: Incompatible color definition on input line 313.


Package xcolor Warning: Incompatible color definition on input line 313.


Package xcolor Warning: Incompatible color definition on input line 313.


Package xcolor Warning: Incompatible color definition on input line 313.


Package xcolor Warning: Incompatible color definition on input line 313.


Package xcolor Warning: Incompatible color definition on input line 313.


Package xcolor Warning: Incompatible color definition on input line 313.


Package xcolor Warning: Incompatible color definition on input line 313.


Package xcolor Warning: Incompatible color definition on input line 313.


Package xcolor Warning: Incompatible color definition on input line 313.


Package xcolor Warning: Incompatible color definition on input line 313.


Package xcolor Warning: Incompatible color definition on input line 313.


Package xcolor Warning: Incompatible color definition on input line 313.


Package xcolor Warning: Incompatible color definition on input line 313.


Package xcolor Warning: Incompatible color definition on input line 313.


Package xcolor Warning: Incompatible color definition on input line 313.

[5] <addCC.jpg, id=36, 575.14874pt x 345.29pt>
File: addCC.jpg Graphic file (type jpg)
 <use addCC.jpg>
Package pdftex.def Info: addCC.jpg used on input line 373.
(pdftex.def)             Requested size: 180.67499pt x 108.4666pt.

<step2_cross.jpg, id=37, 755.82375pt x 425.59pt>
File: step2_cross.jpg Graphic file (type jpg)
 <use step2_cross.jpg>
Package pdftex.def Info: step2_cross.jpg used on input line 377.
(pdftex.def)             Requested size: 180.67499pt x 101.73456pt.

<step5_cross.jpg, id=38, 598.235pt x 359.3425pt>
File: step5_cross.jpg Graphic file (type jpg)
 <use step5_cross.jpg>
Package pdftex.def Info: step5_cross.jpg used on input line 386.
(pdftex.def)             Requested size: 180.67499pt x 108.52734pt.

<step5_cross1.jpg, id=39, 635.37375pt x 381.425pt>
File: step5_cross1.jpg Graphic file (type jpg)
 <use step5_cross1.jpg>
Package pdftex.def Info: step5_cross1.jpg used on input line 390.
(pdftex.def)             Requested size: 180.67499pt x 108.4628pt.

<step6_cross2.jpg, id=40, 611.28375pt x 366.36874pt>
File: step6_cross2.jpg Graphic file (type jpg)
 <use step6_cross2.jpg>
Package pdftex.def Info: step6_cross2.jpg used on input line 394.
(pdftex.def)             Requested size: 180.67499pt x 108.28468pt.

[6 <C:/Users/Shanel Wu/Box Sync/Knitting/Patterns/miteredNova/addCC.jpg> <C:/Us
ers/Shanel Wu/Box Sync/Knitting/Patterns/miteredNova/step2_cross.jpg> <C:/Users
/Shanel Wu/Box Sync/Knitting/Patterns/miteredNova/step5_cross.jpg> <C:/Users/Sh
anel Wu/Box Sync/Knitting/Patterns/miteredNova/step5_cross1.jpg> <C:/Users/Shan
el Wu/Box Sync/Knitting/Patterns/miteredNova/step6_cross2.jpg>]
<lt_step1.jpg, id=44, 3824.2875pt x 2294.5725pt>
File: lt_step1.jpg Graphic file (type jpg)
 <use lt_step1.jpg>
Package pdftex.def Info: lt_step1.jpg used on input line 410.
(pdftex.def)             Requested size: 180.67499pt x 108.39812pt.

<lt_step2.jpg, id=45, 2942.995pt x 1765.59625pt>
File: lt_step2.jpg Graphic file (type jpg)
 <use lt_step2.jpg>
Package pdftex.def Info: lt_step2.jpg used on input line 414.
(pdftex.def)             Requested size: 180.67499pt x 108.38281pt.

<lt_step3.jpg, id=46, 2951.025pt x 1770.615pt>
File: lt_step3.jpg Graphic file (type jpg)
 <use lt_step3.jpg>
Package pdftex.def Info: lt_step3.jpg used on input line 418.
(pdftex.def)             Requested size: 180.67499pt x 108.3937pt.

<lt_step4.jpg, id=47, 3244.12pt x 1946.27126pt>
File: lt_step4.jpg Graphic file (type jpg)
 <use lt_step4.jpg>
Package pdftex.def Info: lt_step4.jpg used on input line 424.
(pdftex.def)             Requested size: 180.67499pt x 108.36679pt.

<lt_step5.jpg, id=48, 2697.07625pt x 1618.045pt>
File: lt_step5.jpg Graphic file (type jpg)
 <use lt_step5.jpg>
Package pdftex.def Info: lt_step5.jpg used on input line 428.
(pdftex.def)             Requested size: 180.67499pt x 108.38623pt.
 [7 <C:/Users/Shanel Wu/Box Sync/Knitting/Patterns/miteredNova/lt_step1.jpg> <C
:/Users/Shanel Wu/Box Sync/Knitting/Patterns/miteredNova/lt_step2.jpg> <C:/User
s/Shanel Wu/Box Sync/Knitting/Patterns/miteredNova/lt_step3.jpg> <C:/Users/Shan
el Wu/Box Sync/Knitting/Patterns/miteredNova/lt_step4.jpg> <C:/Users/Shanel Wu/
Box Sync/Knitting/Patterns/miteredNova/lt_step5.jpg>]
<rt_step1.jpg, id=52, 3312.375pt x 1987.425pt>
File: rt_step1.jpg Graphic file (type jpg)
 <use rt_step1.jpg>
Package pdftex.def Info: rt_step1.jpg used on input line 440.
(pdftex.def)             Requested size: 180.67499pt x 108.38377pt.

<rt_step2.jpg, id=53, 2922.92pt x 1753.55125pt>
File: rt_step2.jpg Graphic file (type jpg)
 <use rt_step2.jpg>
Package pdftex.def Info: rt_step2.jpg used on input line 444.
(pdftex.def)             Requested size: 180.67499pt x 108.39261pt.

<rt_step3.jpg, id=54, 2718.155pt x 1631.09375pt>
File: rt_step3.jpg Graphic file (type jpg)
 <use rt_step3.jpg>
Package pdftex.def Info: rt_step3.jpg used on input line 448.
(pdftex.def)             Requested size: 180.67499pt x 108.41411pt.

<rt_step5.jpg, id=55, 2661.945pt x 1596.96625pt>
File: rt_step5.jpg Graphic file (type jpg)
 <use rt_step5.jpg>
Package pdftex.def Info: rt_step5.jpg used on input line 454.
(pdftex.def)             Requested size: 180.67499pt x 108.38757pt.

<rt_step6.jpg, id=56, 2511.3825pt x 1506.62875pt>
File: rt_step6.jpg Graphic file (type jpg)
 <use rt_step6.jpg>
Package pdftex.def Info: rt_step6.jpg used on input line 458.
(pdftex.def)             Requested size: 180.67499pt x 108.37143pt.
 [8 <C:/Users/Shanel Wu/Box Sync/Knitting/Patterns/miteredNova/rt_step1.jpg> <C
:/Users/Shanel Wu/Box Sync/Knitting/Patterns/miteredNova/rt_step2.jpg> <C:/User
s/Shanel Wu/Box Sync/Knitting/Patterns/miteredNova/rt_step3.jpg> <C:/Users/Shan
el Wu/Box Sync/Knitting/Patterns/miteredNova/rt_step5.jpg> <C:/Users/Shanel Wu/
Box Sync/Knitting/Patterns/miteredNova/rt_step6.jpg>]
Overfull \hbox (14.86472pt too wide) in paragraph at lines 474--491
 [] 
 []

[9] [10]
("C:\Users\Shanel Wu\Box Sync\Knitting\Patterns\miteredNova\miteredNova.aux") )
 
Here is how much of TeX's memory you used:
 3611 strings out of 494045
 51679 string characters out of 3148374
 169285 words of memory out of 3000000
 6838 multiletter control sequences out of 15000+200000
 10172 words of font info for 33 fonts, out of 3000000 for 9000
 715 hyphenation exceptions out of 8191
 36i,12n,39p,622b,368s stack positions out of 5000i,500n,10000p,200000b,50000s
<C:/Program Files/MiKTeX 2.9/fonts/type1/public/amsfonts/cm/cmbx12.pfb><C:/Prog
ram Files/MiKTeX 2.9/fonts/type1/public/amsfonts/cm/cmbxti10.pfb><C:/Program Fi
les/MiKTeX 2.9/fonts/type1/public/amsfonts/cm/cmmi12.pfb><C:/Program Files/MiKT
eX 2.9/fonts/type1/public/amsfonts/cm/cmr12.pfb><C:/Program Files/MiKTeX 2.9/fo
nts/type1/public/amsfonts/cm/cmsy10.pfb><C:/Program Files/MiKTeX 2.9/fonts/type
1/public/amsfonts/cm/cmti12.pfb><C:/Program Files/MiKTeX 2.9/fonts/type1/public
/knitting/knitgg.pfb><C:/Program Files/MiKTeX 2.9/fonts/type1/public/knitting/k
nitgn.pfb><C:/Program Files/MiKTeX 2.9/fonts/type1/public/knitting/knitgp.pfb>
Output written on miteredNova.pdf (12 pages, 10044374 bytes).
PDF statistics:
 96 PDF objects out of 1000 (max. 8388607)
 0 named destinations out of 1000 (max. 500000)
 96 words of extra memory for PDF output out of 10000 (max. 10000000)

